<?xml version="1.0" encoding="UTF-8"?>
<testsuite xmlns:xsi="http://www.w3.org/2001/XMLSchema-instance" xsi:noNamespaceSchemaLocation="https://maven.apache.org/surefire/maven-surefire-plugin/xsd/surefire-test-report.xsd" name="edu.ucr.cs.paranshu.AppTest" time="0.039" tests="1" errors="0" skipped="0" failures="0">
  <properties>
    <property name="java.specification.version" value="13"/>
    <property name="sun.jnu.encoding" value="UTF-8"/>
    <property name="java.class.path" value="/Users/paranshusinghal/Documents/Development/apache-spark/learning-spark/target/test-classes:/Users/paranshusinghal/Documents/Development/apache-spark/learning-spark/target/classes:/Users/paranshusinghal/.m2/repository/junit/junit/4.11/junit-4.11.jar:/Users/paranshusinghal/.m2/repository/org/hamcrest/hamcrest-core/1.3/hamcrest-core-1.3.jar:/Users/paranshusinghal/.m2/repository/org/apache/spark/spark-core_2.12/2.4.4/spark-core_2.12-2.4.4.jar:/Users/paranshusinghal/.m2/repository/com/thoughtworks/paranamer/paranamer/2.8/paranamer-2.8.jar:/Users/paranshusinghal/.m2/repository/org/apache/avro/avro/1.8.2/avro-1.8.2.jar:/Users/paranshusinghal/.m2/repository/org/codehaus/jackson/jackson-core-asl/1.9.13/jackson-core-asl-1.9.13.jar:/Users/paranshusinghal/.m2/repository/org/codehaus/jackson/jackson-mapper-asl/1.9.13/jackson-mapper-asl-1.9.13.jar:/Users/paranshusinghal/.m2/repository/org/tukaani/xz/1.5/xz-1.5.jar:/Users/paranshusinghal/.m2/repository/org/apache/avro/avro-mapred/1.8.2/avro-mapred-1.8.2-hadoop2.jar:/Users/paranshusinghal/.m2/repository/org/apache/avro/avro-ipc/1.8.2/avro-ipc-1.8.2.jar:/Users/paranshusinghal/.m2/repository/com/twitter/chill_2.12/0.9.3/chill_2.12-0.9.3.jar:/Users/paranshusinghal/.m2/repository/com/esotericsoftware/kryo-shaded/4.0.2/kryo-shaded-4.0.2.jar:/Users/paranshusinghal/.m2/repository/com/esotericsoftware/minlog/1.3.0/minlog-1.3.0.jar:/Users/paranshusinghal/.m2/repository/org/objenesis/objenesis/2.5.1/objenesis-2.5.1.jar:/Users/paranshusinghal/.m2/repository/com/twitter/chill-java/0.9.3/chill-java-0.9.3.jar:/Users/paranshusinghal/.m2/repository/org/apache/xbean/xbean-asm6-shaded/4.8/xbean-asm6-shaded-4.8.jar:/Users/paranshusinghal/.m2/repository/org/apache/hadoop/hadoop-client/2.6.5/hadoop-client-2.6.5.jar:/Users/paranshusinghal/.m2/repository/org/apache/hadoop/hadoop-hdfs/2.6.5/hadoop-hdfs-2.6.5.jar:/Users/paranshusinghal/.m2/repository/org/mortbay/jetty/jetty-util/6.1.26/jetty-util-6.1.26.jar:/Users/paranshusinghal/.m2/repository/commons-lang/commons-lang/2.6/commons-lang-2.6.jar:/Users/paranshusinghal/.m2/repository/xmlenc/xmlenc/0.52/xmlenc-0.52.jar:/Users/paranshusinghal/.m2/repository/xerces/xercesImpl/2.9.1/xercesImpl-2.9.1.jar:/Users/paranshusinghal/.m2/repository/xml-apis/xml-apis/1.3.04/xml-apis-1.3.04.jar:/Users/paranshusinghal/.m2/repository/org/htrace/htrace-core/3.0.4/htrace-core-3.0.4.jar:/Users/paranshusinghal/.m2/repository/org/apache/hadoop/hadoop-mapreduce-client-app/2.6.5/hadoop-mapreduce-client-app-2.6.5.jar:/Users/paranshusinghal/.m2/repository/org/apache/hadoop/hadoop-mapreduce-client-common/2.6.5/hadoop-mapreduce-client-common-2.6.5.jar:/Users/paranshusinghal/.m2/repository/org/apache/hadoop/hadoop-yarn-client/2.6.5/hadoop-yarn-client-2.6.5.jar:/Users/paranshusinghal/.m2/repository/org/apache/hadoop/hadoop-yarn-server-common/2.6.5/hadoop-yarn-server-common-2.6.5.jar:/Users/paranshusinghal/.m2/repository/org/apache/hadoop/hadoop-mapreduce-client-shuffle/2.6.5/hadoop-mapreduce-client-shuffle-2.6.5.jar:/Users/paranshusinghal/.m2/repository/org/apache/hadoop/hadoop-yarn-api/2.6.5/hadoop-yarn-api-2.6.5.jar:/Users/paranshusinghal/.m2/repository/org/apache/hadoop/hadoop-mapreduce-client-core/2.6.5/hadoop-mapreduce-client-core-2.6.5.jar:/Users/paranshusinghal/.m2/repository/org/apache/hadoop/hadoop-yarn-common/2.6.5/hadoop-yarn-common-2.6.5.jar:/Users/paranshusinghal/.m2/repository/org/apache/hadoop/hadoop-mapreduce-client-jobclient/2.6.5/hadoop-mapreduce-client-jobclient-2.6.5.jar:/Users/paranshusinghal/.m2/repository/org/apache/spark/spark-launcher_2.12/2.4.4/spark-launcher_2.12-2.4.4.jar:/Users/paranshusinghal/.m2/repository/org/apache/spark/spark-kvstore_2.12/2.4.4/spark-kvstore_2.12-2.4.4.jar:/Users/paranshusinghal/.m2/repository/org/fusesource/leveldbjni/leveldbjni-all/1.8/leveldbjni-all-1.8.jar:/Users/paranshusinghal/.m2/repository/com/fasterxml/jackson/core/jackson-core/2.6.7/jackson-core-2.6.7.jar:/Users/paranshusinghal/.m2/repository/com/fasterxml/jackson/core/jackson-annotations/2.6.7/jackson-annotations-2.6.7.jar:/Users/paranshusinghal/.m2/repository/org/apache/spark/spark-network-common_2.12/2.4.4/spark-network-common_2.12-2.4.4.jar:/Users/paranshusinghal/.m2/repository/org/apache/spark/spark-network-shuffle_2.12/2.4.4/spark-network-shuffle_2.12-2.4.4.jar:/Users/paranshusinghal/.m2/repository/org/apache/spark/spark-unsafe_2.12/2.4.4/spark-unsafe_2.12-2.4.4.jar:/Users/paranshusinghal/.m2/repository/javax/activation/activation/1.1.1/activation-1.1.1.jar:/Users/paranshusinghal/.m2/repository/org/apache/curator/curator-recipes/2.6.0/curator-recipes-2.6.0.jar:/Users/paranshusinghal/.m2/repository/org/apache/curator/curator-framework/2.6.0/curator-framework-2.6.0.jar:/Users/paranshusinghal/.m2/repository/org/apache/zookeeper/zookeeper/3.4.6/zookeeper-3.4.6.jar:/Users/paranshusinghal/.m2/repository/javax/servlet/javax.servlet-api/3.1.0/javax.servlet-api-3.1.0.jar:/Users/paranshusinghal/.m2/repository/org/apache/commons/commons-lang3/3.5/commons-lang3-3.5.jar:/Users/paranshusinghal/.m2/repository/org/apache/commons/commons-math3/3.4.1/commons-math3-3.4.1.jar:/Users/paranshusinghal/.m2/repository/com/google/code/findbugs/jsr305/1.3.9/jsr305-1.3.9.jar:/Users/paranshusinghal/.m2/repository/org/slf4j/slf4j-api/1.7.16/slf4j-api-1.7.16.jar:/Users/paranshusinghal/.m2/repository/org/slf4j/jul-to-slf4j/1.7.16/jul-to-slf4j-1.7.16.jar:/Users/paranshusinghal/.m2/repository/org/slf4j/jcl-over-slf4j/1.7.16/jcl-over-slf4j-1.7.16.jar:/Users/paranshusinghal/.m2/repository/log4j/log4j/1.2.17/log4j-1.2.17.jar:/Users/paranshusinghal/.m2/repository/org/slf4j/slf4j-log4j12/1.7.16/slf4j-log4j12-1.7.16.jar:/Users/paranshusinghal/.m2/repository/com/ning/compress-lzf/1.0.3/compress-lzf-1.0.3.jar:/Users/paranshusinghal/.m2/repository/org/xerial/snappy/snappy-java/1.1.7.3/snappy-java-1.1.7.3.jar:/Users/paranshusinghal/.m2/repository/org/lz4/lz4-java/1.4.0/lz4-java-1.4.0.jar:/Users/paranshusinghal/.m2/repository/com/github/luben/zstd-jni/1.3.2-2/zstd-jni-1.3.2-2.jar:/Users/paranshusinghal/.m2/repository/org/roaringbitmap/RoaringBitmap/0.7.45/RoaringBitmap-0.7.45.jar:/Users/paranshusinghal/.m2/repository/org/roaringbitmap/shims/0.7.45/shims-0.7.45.jar:/Users/paranshusinghal/.m2/repository/commons-net/commons-net/3.1/commons-net-3.1.jar:/Users/paranshusinghal/.m2/repository/org/scala-lang/scala-library/2.12.8/scala-library-2.12.8.jar:/Users/paranshusinghal/.m2/repository/org/json4s/json4s-jackson_2.12/3.5.3/json4s-jackson_2.12-3.5.3.jar:/Users/paranshusinghal/.m2/repository/org/json4s/json4s-core_2.12/3.5.3/json4s-core_2.12-3.5.3.jar:/Users/paranshusinghal/.m2/repository/org/json4s/json4s-ast_2.12/3.5.3/json4s-ast_2.12-3.5.3.jar:/Users/paranshusinghal/.m2/repository/org/json4s/json4s-scalap_2.12/3.5.3/json4s-scalap_2.12-3.5.3.jar:/Users/paranshusinghal/.m2/repository/org/scala-lang/modules/scala-xml_2.12/1.0.6/scala-xml_2.12-1.0.6.jar:/Users/paranshusinghal/.m2/repository/org/glassfish/jersey/core/jersey-client/2.22.2/jersey-client-2.22.2.jar:/Users/paranshusinghal/.m2/repository/javax/ws/rs/javax.ws.rs-api/2.0.1/javax.ws.rs-api-2.0.1.jar:/Users/paranshusinghal/.m2/repository/org/glassfish/hk2/hk2-api/2.4.0-b34/hk2-api-2.4.0-b34.jar:/Users/paranshusinghal/.m2/repository/org/glassfish/hk2/hk2-utils/2.4.0-b34/hk2-utils-2.4.0-b34.jar:/Users/paranshusinghal/.m2/repository/org/glassfish/hk2/external/aopalliance-repackaged/2.4.0-b34/aopalliance-repackaged-2.4.0-b34.jar:/Users/paranshusinghal/.m2/repository/org/glassfish/hk2/external/javax.inject/2.4.0-b34/javax.inject-2.4.0-b34.jar:/Users/paranshusinghal/.m2/repository/org/glassfish/hk2/hk2-locator/2.4.0-b34/hk2-locator-2.4.0-b34.jar:/Users/paranshusinghal/.m2/repository/org/javassist/javassist/3.18.1-GA/javassist-3.18.1-GA.jar:/Users/paranshusinghal/.m2/repository/org/glassfish/jersey/core/jersey-common/2.22.2/jersey-common-2.22.2.jar:/Users/paranshusinghal/.m2/repository/javax/annotation/javax.annotation-api/1.2/javax.annotation-api-1.2.jar:/Users/paranshusinghal/.m2/repository/org/glassfish/jersey/bundles/repackaged/jersey-guava/2.22.2/jersey-guava-2.22.2.jar:/Users/paranshusinghal/.m2/repository/org/glassfish/hk2/osgi-resource-locator/1.0.1/osgi-resource-locator-1.0.1.jar:/Users/paranshusinghal/.m2/repository/org/glassfish/jersey/core/jersey-server/2.22.2/jersey-server-2.22.2.jar:/Users/paranshusinghal/.m2/repository/org/glassfish/jersey/media/jersey-media-jaxb/2.22.2/jersey-media-jaxb-2.22.2.jar:/Users/paranshusinghal/.m2/repository/javax/validation/validation-api/1.1.0.Final/validation-api-1.1.0.Final.jar:/Users/paranshusinghal/.m2/repository/org/glassfish/jersey/containers/jersey-container-servlet/2.22.2/jersey-container-servlet-2.22.2.jar:/Users/paranshusinghal/.m2/repository/org/glassfish/jersey/containers/jersey-container-servlet-core/2.22.2/jersey-container-servlet-core-2.22.2.jar:/Users/paranshusinghal/.m2/repository/io/netty/netty-all/4.1.17.Final/netty-all-4.1.17.Final.jar:/Users/paranshusinghal/.m2/repository/io/netty/netty/3.9.9.Final/netty-3.9.9.Final.jar:/Users/paranshusinghal/.m2/repository/com/clearspring/analytics/stream/2.7.0/stream-2.7.0.jar:/Users/paranshusinghal/.m2/repository/io/dropwizard/metrics/metrics-core/3.1.5/metrics-core-3.1.5.jar:/Users/paranshusinghal/.m2/repository/io/dropwizard/metrics/metrics-jvm/3.1.5/metrics-jvm-3.1.5.jar:/Users/paranshusinghal/.m2/repository/io/dropwizard/metrics/metrics-json/3.1.5/metrics-json-3.1.5.jar:/Users/paranshusinghal/.m2/repository/io/dropwizard/metrics/metrics-graphite/3.1.5/metrics-graphite-3.1.5.jar:/Users/paranshusinghal/.m2/repository/com/fasterxml/jackson/core/jackson-databind/2.6.7.1/jackson-databind-2.6.7.1.jar:/Users/paranshusinghal/.m2/repository/com/fasterxml/jackson/module/jackson-module-scala_2.12/2.6.7.1/jackson-module-scala_2.12-2.6.7.1.jar:/Users/paranshusinghal/.m2/repository/org/scala-lang/scala-reflect/2.12.1/scala-reflect-2.12.1.jar:/Users/paranshusinghal/.m2/repository/com/fasterxml/jackson/module/jackson-module-paranamer/2.7.9/jackson-module-paranamer-2.7.9.jar:/Users/paranshusinghal/.m2/repository/org/apache/ivy/ivy/2.4.0/ivy-2.4.0.jar:/Users/paranshusinghal/.m2/repository/oro/oro/2.0.8/oro-2.0.8.jar:/Users/paranshusinghal/.m2/repository/net/razorvine/pyrolite/4.13/pyrolite-4.13.jar:/Users/paranshusinghal/.m2/repository/net/sf/py4j/py4j/0.10.7/py4j-0.10.7.jar:/Users/paranshusinghal/.m2/repository/org/apache/spark/spark-tags_2.12/2.4.4/spark-tags_2.12-2.4.4.jar:/Users/paranshusinghal/.m2/repository/org/apache/commons/commons-crypto/1.0.0/commons-crypto-1.0.0.jar:/Users/paranshusinghal/.m2/repository/org/spark-project/spark/unused/1.0.0/unused-1.0.0.jar:/Users/paranshusinghal/.m2/repository/org/apache/hadoop/hadoop-common/3.2.1/hadoop-common-3.2.1.jar:/Users/paranshusinghal/.m2/repository/org/apache/hadoop/hadoop-annotations/3.2.1/hadoop-annotations-3.2.1.jar:/Users/paranshusinghal/.m2/repository/com/google/guava/guava/27.0-jre/guava-27.0-jre.jar:/Users/paranshusinghal/.m2/repository/com/google/guava/failureaccess/1.0/failureaccess-1.0.jar:/Users/paranshusinghal/.m2/repository/com/google/guava/listenablefuture/9999.0-empty-to-avoid-conflict-with-guava/listenablefuture-9999.0-empty-to-avoid-conflict-with-guava.jar:/Users/paranshusinghal/.m2/repository/org/checkerframework/checker-qual/2.5.2/checker-qual-2.5.2.jar:/Users/paranshusinghal/.m2/repository/com/google/errorprone/error_prone_annotations/2.2.0/error_prone_annotations-2.2.0.jar:/Users/paranshusinghal/.m2/repository/com/google/j2objc/j2objc-annotations/1.1/j2objc-annotations-1.1.jar:/Users/paranshusinghal/.m2/repository/org/codehaus/mojo/animal-sniffer-annotations/1.17/animal-sniffer-annotations-1.17.jar:/Users/paranshusinghal/.m2/repository/commons-cli/commons-cli/1.2/commons-cli-1.2.jar:/Users/paranshusinghal/.m2/repository/org/apache/httpcomponents/httpclient/4.5.6/httpclient-4.5.6.jar:/Users/paranshusinghal/.m2/repository/org/apache/httpcomponents/httpcore/4.4.10/httpcore-4.4.10.jar:/Users/paranshusinghal/.m2/repository/commons-codec/commons-codec/1.11/commons-codec-1.11.jar:/Users/paranshusinghal/.m2/repository/commons-io/commons-io/2.5/commons-io-2.5.jar:/Users/paranshusinghal/.m2/repository/commons-collections/commons-collections/3.2.2/commons-collections-3.2.2.jar:/Users/paranshusinghal/.m2/repository/org/eclipse/jetty/jetty-server/9.3.24.v20180605/jetty-server-9.3.24.v20180605.jar:/Users/paranshusinghal/.m2/repository/org/eclipse/jetty/jetty-http/9.3.24.v20180605/jetty-http-9.3.24.v20180605.jar:/Users/paranshusinghal/.m2/repository/org/eclipse/jetty/jetty-io/9.3.24.v20180605/jetty-io-9.3.24.v20180605.jar:/Users/paranshusinghal/.m2/repository/org/eclipse/jetty/jetty-util/9.3.24.v20180605/jetty-util-9.3.24.v20180605.jar:/Users/paranshusinghal/.m2/repository/org/eclipse/jetty/jetty-servlet/9.3.24.v20180605/jetty-servlet-9.3.24.v20180605.jar:/Users/paranshusinghal/.m2/repository/org/eclipse/jetty/jetty-security/9.3.24.v20180605/jetty-security-9.3.24.v20180605.jar:/Users/paranshusinghal/.m2/repository/org/eclipse/jetty/jetty-webapp/9.3.24.v20180605/jetty-webapp-9.3.24.v20180605.jar:/Users/paranshusinghal/.m2/repository/org/eclipse/jetty/jetty-xml/9.3.24.v20180605/jetty-xml-9.3.24.v20180605.jar:/Users/paranshusinghal/.m2/repository/javax/servlet/jsp/jsp-api/2.1/jsp-api-2.1.jar:/Users/paranshusinghal/.m2/repository/com/sun/jersey/jersey-core/1.19/jersey-core-1.19.jar:/Users/paranshusinghal/.m2/repository/javax/ws/rs/jsr311-api/1.1.1/jsr311-api-1.1.1.jar:/Users/paranshusinghal/.m2/repository/com/sun/jersey/jersey-servlet/1.19/jersey-servlet-1.19.jar:/Users/paranshusinghal/.m2/repository/com/sun/jersey/jersey-json/1.19/jersey-json-1.19.jar:/Users/paranshusinghal/.m2/repository/org/codehaus/jettison/jettison/1.1/jettison-1.1.jar:/Users/paranshusinghal/.m2/repository/com/sun/xml/bind/jaxb-impl/2.2.3-1/jaxb-impl-2.2.3-1.jar:/Users/paranshusinghal/.m2/repository/javax/xml/bind/jaxb-api/2.2.2/jaxb-api-2.2.2.jar:/Users/paranshusinghal/.m2/repository/javax/xml/stream/stax-api/1.0-2/stax-api-1.0-2.jar:/Users/paranshusinghal/.m2/repository/org/codehaus/jackson/jackson-jaxrs/1.9.2/jackson-jaxrs-1.9.2.jar:/Users/paranshusinghal/.m2/repository/org/codehaus/jackson/jackson-xc/1.9.2/jackson-xc-1.9.2.jar:/Users/paranshusinghal/.m2/repository/com/sun/jersey/jersey-server/1.19/jersey-server-1.19.jar:/Users/paranshusinghal/.m2/repository/commons-logging/commons-logging/1.1.3/commons-logging-1.1.3.jar:/Users/paranshusinghal/.m2/repository/commons-beanutils/commons-beanutils/1.9.3/commons-beanutils-1.9.3.jar:/Users/paranshusinghal/.m2/repository/org/apache/commons/commons-configuration2/2.1.1/commons-configuration2-2.1.1.jar:/Users/paranshusinghal/.m2/repository/org/apache/commons/commons-text/1.4/commons-text-1.4.jar:/Users/paranshusinghal/.m2/repository/com/google/re2j/re2j/1.1/re2j-1.1.jar:/Users/paranshusinghal/.m2/repository/com/google/protobuf/protobuf-java/2.5.0/protobuf-java-2.5.0.jar:/Users/paranshusinghal/.m2/repository/com/google/code/gson/gson/2.2.4/gson-2.2.4.jar:/Users/paranshusinghal/.m2/repository/org/apache/hadoop/hadoop-auth/3.2.1/hadoop-auth-3.2.1.jar:/Users/paranshusinghal/.m2/repository/com/nimbusds/nimbus-jose-jwt/4.41.1/nimbus-jose-jwt-4.41.1.jar:/Users/paranshusinghal/.m2/repository/com/github/stephenc/jcip/jcip-annotations/1.0-1/jcip-annotations-1.0-1.jar:/Users/paranshusinghal/.m2/repository/net/minidev/json-smart/2.3/json-smart-2.3.jar:/Users/paranshusinghal/.m2/repository/net/minidev/accessors-smart/1.2/accessors-smart-1.2.jar:/Users/paranshusinghal/.m2/repository/org/ow2/asm/asm/5.0.4/asm-5.0.4.jar:/Users/paranshusinghal/.m2/repository/com/jcraft/jsch/0.1.54/jsch-0.1.54.jar:/Users/paranshusinghal/.m2/repository/org/apache/curator/curator-client/2.13.0/curator-client-2.13.0.jar:/Users/paranshusinghal/.m2/repository/org/apache/htrace/htrace-core4/4.1.0-incubating/htrace-core4-4.1.0-incubating.jar:/Users/paranshusinghal/.m2/repository/org/apache/commons/commons-compress/1.18/commons-compress-1.18.jar:/Users/paranshusinghal/.m2/repository/org/apache/kerby/kerb-simplekdc/1.0.1/kerb-simplekdc-1.0.1.jar:/Users/paranshusinghal/.m2/repository/org/apache/kerby/kerb-client/1.0.1/kerb-client-1.0.1.jar:/Users/paranshusinghal/.m2/repository/org/apache/kerby/kerby-config/1.0.1/kerby-config-1.0.1.jar:/Users/paranshusinghal/.m2/repository/org/apache/kerby/kerb-core/1.0.1/kerb-core-1.0.1.jar:/Users/paranshusinghal/.m2/repository/org/apache/kerby/kerby-pkix/1.0.1/kerby-pkix-1.0.1.jar:/Users/paranshusinghal/.m2/repository/org/apache/kerby/kerby-asn1/1.0.1/kerby-asn1-1.0.1.jar:/Users/paranshusinghal/.m2/repository/org/apache/kerby/kerby-util/1.0.1/kerby-util-1.0.1.jar:/Users/paranshusinghal/.m2/repository/org/apache/kerby/kerb-common/1.0.1/kerb-common-1.0.1.jar:/Users/paranshusinghal/.m2/repository/org/apache/kerby/kerb-crypto/1.0.1/kerb-crypto-1.0.1.jar:/Users/paranshusinghal/.m2/repository/org/apache/kerby/kerb-util/1.0.1/kerb-util-1.0.1.jar:/Users/paranshusinghal/.m2/repository/org/apache/kerby/token-provider/1.0.1/token-provider-1.0.1.jar:/Users/paranshusinghal/.m2/repository/org/apache/kerby/kerb-admin/1.0.1/kerb-admin-1.0.1.jar:/Users/paranshusinghal/.m2/repository/org/apache/kerby/kerb-server/1.0.1/kerb-server-1.0.1.jar:/Users/paranshusinghal/.m2/repository/org/apache/kerby/kerb-identity/1.0.1/kerb-identity-1.0.1.jar:/Users/paranshusinghal/.m2/repository/org/apache/kerby/kerby-xdr/1.0.1/kerby-xdr-1.0.1.jar:/Users/paranshusinghal/.m2/repository/org/codehaus/woodstox/stax2-api/3.1.4/stax2-api-3.1.4.jar:/Users/paranshusinghal/.m2/repository/com/fasterxml/woodstox/woodstox-core/5.0.3/woodstox-core-5.0.3.jar:/Users/paranshusinghal/.m2/repository/dnsjava/dnsjava/2.1.7/dnsjava-2.1.7.jar:"/>
    <property name="java.vm.vendor" value="Oracle Corporation"/>
    <property name="sun.arch.data.model" value="64"/>
    <property name="java.vendor.url" value="https://java.oracle.com/"/>
    <property name="os.name" value="Mac OS X"/>
    <property name="java.vm.specification.version" value="13"/>
    <property name="sun.java.launcher" value="SUN_STANDARD"/>
    <property name="user.country" value="US"/>
    <property name="sun.boot.library.path" value="/Library/Java/JavaVirtualMachines/jdk-13.jdk/Contents/Home/lib"/>
    <property name="sun.java.command" value="/Users/paranshusinghal/Documents/Development/apache-spark/learning-spark/target/surefire/surefirebooter10325214891753478972.jar /Users/paranshusinghal/Documents/Development/apache-spark/learning-spark/target/surefire 2019-11-15T22-10-53_083-jvmRun1 surefire453548795566392194tmp surefire_013874414135462908412tmp"/>
    <property name="http.nonProxyHosts" value="local|*.local|169.254/16|*.169.254/16"/>
    <property name="jdk.debug" value="release"/>
    <property name="surefire.test.class.path" value="/Users/paranshusinghal/Documents/Development/apache-spark/learning-spark/target/test-classes:/Users/paranshusinghal/Documents/Development/apache-spark/learning-spark/target/classes:/Users/paranshusinghal/.m2/repository/junit/junit/4.11/junit-4.11.jar:/Users/paranshusinghal/.m2/repository/org/hamcrest/hamcrest-core/1.3/hamcrest-core-1.3.jar:/Users/paranshusinghal/.m2/repository/org/apache/spark/spark-core_2.12/2.4.4/spark-core_2.12-2.4.4.jar:/Users/paranshusinghal/.m2/repository/com/thoughtworks/paranamer/paranamer/2.8/paranamer-2.8.jar:/Users/paranshusinghal/.m2/repository/org/apache/avro/avro/1.8.2/avro-1.8.2.jar:/Users/paranshusinghal/.m2/repository/org/codehaus/jackson/jackson-core-asl/1.9.13/jackson-core-asl-1.9.13.jar:/Users/paranshusinghal/.m2/repository/org/codehaus/jackson/jackson-mapper-asl/1.9.13/jackson-mapper-asl-1.9.13.jar:/Users/paranshusinghal/.m2/repository/org/tukaani/xz/1.5/xz-1.5.jar:/Users/paranshusinghal/.m2/repository/org/apache/avro/avro-mapred/1.8.2/avro-mapred-1.8.2-hadoop2.jar:/Users/paranshusinghal/.m2/repository/org/apache/avro/avro-ipc/1.8.2/avro-ipc-1.8.2.jar:/Users/paranshusinghal/.m2/repository/com/twitter/chill_2.12/0.9.3/chill_2.12-0.9.3.jar:/Users/paranshusinghal/.m2/repository/com/esotericsoftware/kryo-shaded/4.0.2/kryo-shaded-4.0.2.jar:/Users/paranshusinghal/.m2/repository/com/esotericsoftware/minlog/1.3.0/minlog-1.3.0.jar:/Users/paranshusinghal/.m2/repository/org/objenesis/objenesis/2.5.1/objenesis-2.5.1.jar:/Users/paranshusinghal/.m2/repository/com/twitter/chill-java/0.9.3/chill-java-0.9.3.jar:/Users/paranshusinghal/.m2/repository/org/apache/xbean/xbean-asm6-shaded/4.8/xbean-asm6-shaded-4.8.jar:/Users/paranshusinghal/.m2/repository/org/apache/hadoop/hadoop-client/2.6.5/hadoop-client-2.6.5.jar:/Users/paranshusinghal/.m2/repository/org/apache/hadoop/hadoop-hdfs/2.6.5/hadoop-hdfs-2.6.5.jar:/Users/paranshusinghal/.m2/repository/org/mortbay/jetty/jetty-util/6.1.26/jetty-util-6.1.26.jar:/Users/paranshusinghal/.m2/repository/commons-lang/commons-lang/2.6/commons-lang-2.6.jar:/Users/paranshusinghal/.m2/repository/xmlenc/xmlenc/0.52/xmlenc-0.52.jar:/Users/paranshusinghal/.m2/repository/xerces/xercesImpl/2.9.1/xercesImpl-2.9.1.jar:/Users/paranshusinghal/.m2/repository/xml-apis/xml-apis/1.3.04/xml-apis-1.3.04.jar:/Users/paranshusinghal/.m2/repository/org/htrace/htrace-core/3.0.4/htrace-core-3.0.4.jar:/Users/paranshusinghal/.m2/repository/org/apache/hadoop/hadoop-mapreduce-client-app/2.6.5/hadoop-mapreduce-client-app-2.6.5.jar:/Users/paranshusinghal/.m2/repository/org/apache/hadoop/hadoop-mapreduce-client-common/2.6.5/hadoop-mapreduce-client-common-2.6.5.jar:/Users/paranshusinghal/.m2/repository/org/apache/hadoop/hadoop-yarn-client/2.6.5/hadoop-yarn-client-2.6.5.jar:/Users/paranshusinghal/.m2/repository/org/apache/hadoop/hadoop-yarn-server-common/2.6.5/hadoop-yarn-server-common-2.6.5.jar:/Users/paranshusinghal/.m2/repository/org/apache/hadoop/hadoop-mapreduce-client-shuffle/2.6.5/hadoop-mapreduce-client-shuffle-2.6.5.jar:/Users/paranshusinghal/.m2/repository/org/apache/hadoop/hadoop-yarn-api/2.6.5/hadoop-yarn-api-2.6.5.jar:/Users/paranshusinghal/.m2/repository/org/apache/hadoop/hadoop-mapreduce-client-core/2.6.5/hadoop-mapreduce-client-core-2.6.5.jar:/Users/paranshusinghal/.m2/repository/org/apache/hadoop/hadoop-yarn-common/2.6.5/hadoop-yarn-common-2.6.5.jar:/Users/paranshusinghal/.m2/repository/org/apache/hadoop/hadoop-mapreduce-client-jobclient/2.6.5/hadoop-mapreduce-client-jobclient-2.6.5.jar:/Users/paranshusinghal/.m2/repository/org/apache/spark/spark-launcher_2.12/2.4.4/spark-launcher_2.12-2.4.4.jar:/Users/paranshusinghal/.m2/repository/org/apache/spark/spark-kvstore_2.12/2.4.4/spark-kvstore_2.12-2.4.4.jar:/Users/paranshusinghal/.m2/repository/org/fusesource/leveldbjni/leveldbjni-all/1.8/leveldbjni-all-1.8.jar:/Users/paranshusinghal/.m2/repository/com/fasterxml/jackson/core/jackson-core/2.6.7/jackson-core-2.6.7.jar:/Users/paranshusinghal/.m2/repository/com/fasterxml/jackson/core/jackson-annotations/2.6.7/jackson-annotations-2.6.7.jar:/Users/paranshusinghal/.m2/repository/org/apache/spark/spark-network-common_2.12/2.4.4/spark-network-common_2.12-2.4.4.jar:/Users/paranshusinghal/.m2/repository/org/apache/spark/spark-network-shuffle_2.12/2.4.4/spark-network-shuffle_2.12-2.4.4.jar:/Users/paranshusinghal/.m2/repository/org/apache/spark/spark-unsafe_2.12/2.4.4/spark-unsafe_2.12-2.4.4.jar:/Users/paranshusinghal/.m2/repository/javax/activation/activation/1.1.1/activation-1.1.1.jar:/Users/paranshusinghal/.m2/repository/org/apache/curator/curator-recipes/2.6.0/curator-recipes-2.6.0.jar:/Users/paranshusinghal/.m2/repository/org/apache/curator/curator-framework/2.6.0/curator-framework-2.6.0.jar:/Users/paranshusinghal/.m2/repository/org/apache/zookeeper/zookeeper/3.4.6/zookeeper-3.4.6.jar:/Users/paranshusinghal/.m2/repository/javax/servlet/javax.servlet-api/3.1.0/javax.servlet-api-3.1.0.jar:/Users/paranshusinghal/.m2/repository/org/apache/commons/commons-lang3/3.5/commons-lang3-3.5.jar:/Users/paranshusinghal/.m2/repository/org/apache/commons/commons-math3/3.4.1/commons-math3-3.4.1.jar:/Users/paranshusinghal/.m2/repository/com/google/code/findbugs/jsr305/1.3.9/jsr305-1.3.9.jar:/Users/paranshusinghal/.m2/repository/org/slf4j/slf4j-api/1.7.16/slf4j-api-1.7.16.jar:/Users/paranshusinghal/.m2/repository/org/slf4j/jul-to-slf4j/1.7.16/jul-to-slf4j-1.7.16.jar:/Users/paranshusinghal/.m2/repository/org/slf4j/jcl-over-slf4j/1.7.16/jcl-over-slf4j-1.7.16.jar:/Users/paranshusinghal/.m2/repository/log4j/log4j/1.2.17/log4j-1.2.17.jar:/Users/paranshusinghal/.m2/repository/org/slf4j/slf4j-log4j12/1.7.16/slf4j-log4j12-1.7.16.jar:/Users/paranshusinghal/.m2/repository/com/ning/compress-lzf/1.0.3/compress-lzf-1.0.3.jar:/Users/paranshusinghal/.m2/repository/org/xerial/snappy/snappy-java/1.1.7.3/snappy-java-1.1.7.3.jar:/Users/paranshusinghal/.m2/repository/org/lz4/lz4-java/1.4.0/lz4-java-1.4.0.jar:/Users/paranshusinghal/.m2/repository/com/github/luben/zstd-jni/1.3.2-2/zstd-jni-1.3.2-2.jar:/Users/paranshusinghal/.m2/repository/org/roaringbitmap/RoaringBitmap/0.7.45/RoaringBitmap-0.7.45.jar:/Users/paranshusinghal/.m2/repository/org/roaringbitmap/shims/0.7.45/shims-0.7.45.jar:/Users/paranshusinghal/.m2/repository/commons-net/commons-net/3.1/commons-net-3.1.jar:/Users/paranshusinghal/.m2/repository/org/scala-lang/scala-library/2.12.8/scala-library-2.12.8.jar:/Users/paranshusinghal/.m2/repository/org/json4s/json4s-jackson_2.12/3.5.3/json4s-jackson_2.12-3.5.3.jar:/Users/paranshusinghal/.m2/repository/org/json4s/json4s-core_2.12/3.5.3/json4s-core_2.12-3.5.3.jar:/Users/paranshusinghal/.m2/repository/org/json4s/json4s-ast_2.12/3.5.3/json4s-ast_2.12-3.5.3.jar:/Users/paranshusinghal/.m2/repository/org/json4s/json4s-scalap_2.12/3.5.3/json4s-scalap_2.12-3.5.3.jar:/Users/paranshusinghal/.m2/repository/org/scala-lang/modules/scala-xml_2.12/1.0.6/scala-xml_2.12-1.0.6.jar:/Users/paranshusinghal/.m2/repository/org/glassfish/jersey/core/jersey-client/2.22.2/jersey-client-2.22.2.jar:/Users/paranshusinghal/.m2/repository/javax/ws/rs/javax.ws.rs-api/2.0.1/javax.ws.rs-api-2.0.1.jar:/Users/paranshusinghal/.m2/repository/org/glassfish/hk2/hk2-api/2.4.0-b34/hk2-api-2.4.0-b34.jar:/Users/paranshusinghal/.m2/repository/org/glassfish/hk2/hk2-utils/2.4.0-b34/hk2-utils-2.4.0-b34.jar:/Users/paranshusinghal/.m2/repository/org/glassfish/hk2/external/aopalliance-repackaged/2.4.0-b34/aopalliance-repackaged-2.4.0-b34.jar:/Users/paranshusinghal/.m2/repository/org/glassfish/hk2/external/javax.inject/2.4.0-b34/javax.inject-2.4.0-b34.jar:/Users/paranshusinghal/.m2/repository/org/glassfish/hk2/hk2-locator/2.4.0-b34/hk2-locator-2.4.0-b34.jar:/Users/paranshusinghal/.m2/repository/org/javassist/javassist/3.18.1-GA/javassist-3.18.1-GA.jar:/Users/paranshusinghal/.m2/repository/org/glassfish/jersey/core/jersey-common/2.22.2/jersey-common-2.22.2.jar:/Users/paranshusinghal/.m2/repository/javax/annotation/javax.annotation-api/1.2/javax.annotation-api-1.2.jar:/Users/paranshusinghal/.m2/repository/org/glassfish/jersey/bundles/repackaged/jersey-guava/2.22.2/jersey-guava-2.22.2.jar:/Users/paranshusinghal/.m2/repository/org/glassfish/hk2/osgi-resource-locator/1.0.1/osgi-resource-locator-1.0.1.jar:/Users/paranshusinghal/.m2/repository/org/glassfish/jersey/core/jersey-server/2.22.2/jersey-server-2.22.2.jar:/Users/paranshusinghal/.m2/repository/org/glassfish/jersey/media/jersey-media-jaxb/2.22.2/jersey-media-jaxb-2.22.2.jar:/Users/paranshusinghal/.m2/repository/javax/validation/validation-api/1.1.0.Final/validation-api-1.1.0.Final.jar:/Users/paranshusinghal/.m2/repository/org/glassfish/jersey/containers/jersey-container-servlet/2.22.2/jersey-container-servlet-2.22.2.jar:/Users/paranshusinghal/.m2/repository/org/glassfish/jersey/containers/jersey-container-servlet-core/2.22.2/jersey-container-servlet-core-2.22.2.jar:/Users/paranshusinghal/.m2/repository/io/netty/netty-all/4.1.17.Final/netty-all-4.1.17.Final.jar:/Users/paranshusinghal/.m2/repository/io/netty/netty/3.9.9.Final/netty-3.9.9.Final.jar:/Users/paranshusinghal/.m2/repository/com/clearspring/analytics/stream/2.7.0/stream-2.7.0.jar:/Users/paranshusinghal/.m2/repository/io/dropwizard/metrics/metrics-core/3.1.5/metrics-core-3.1.5.jar:/Users/paranshusinghal/.m2/repository/io/dropwizard/metrics/metrics-jvm/3.1.5/metrics-jvm-3.1.5.jar:/Users/paranshusinghal/.m2/repository/io/dropwizard/metrics/metrics-json/3.1.5/metrics-json-3.1.5.jar:/Users/paranshusinghal/.m2/repository/io/dropwizard/metrics/metrics-graphite/3.1.5/metrics-graphite-3.1.5.jar:/Users/paranshusinghal/.m2/repository/com/fasterxml/jackson/core/jackson-databind/2.6.7.1/jackson-databind-2.6.7.1.jar:/Users/paranshusinghal/.m2/repository/com/fasterxml/jackson/module/jackson-module-scala_2.12/2.6.7.1/jackson-module-scala_2.12-2.6.7.1.jar:/Users/paranshusinghal/.m2/repository/org/scala-lang/scala-reflect/2.12.1/scala-reflect-2.12.1.jar:/Users/paranshusinghal/.m2/repository/com/fasterxml/jackson/module/jackson-module-paranamer/2.7.9/jackson-module-paranamer-2.7.9.jar:/Users/paranshusinghal/.m2/repository/org/apache/ivy/ivy/2.4.0/ivy-2.4.0.jar:/Users/paranshusinghal/.m2/repository/oro/oro/2.0.8/oro-2.0.8.jar:/Users/paranshusinghal/.m2/repository/net/razorvine/pyrolite/4.13/pyrolite-4.13.jar:/Users/paranshusinghal/.m2/repository/net/sf/py4j/py4j/0.10.7/py4j-0.10.7.jar:/Users/paranshusinghal/.m2/repository/org/apache/spark/spark-tags_2.12/2.4.4/spark-tags_2.12-2.4.4.jar:/Users/paranshusinghal/.m2/repository/org/apache/commons/commons-crypto/1.0.0/commons-crypto-1.0.0.jar:/Users/paranshusinghal/.m2/repository/org/spark-project/spark/unused/1.0.0/unused-1.0.0.jar:/Users/paranshusinghal/.m2/repository/org/apache/hadoop/hadoop-common/3.2.1/hadoop-common-3.2.1.jar:/Users/paranshusinghal/.m2/repository/org/apache/hadoop/hadoop-annotations/3.2.1/hadoop-annotations-3.2.1.jar:/Users/paranshusinghal/.m2/repository/com/google/guava/guava/27.0-jre/guava-27.0-jre.jar:/Users/paranshusinghal/.m2/repository/com/google/guava/failureaccess/1.0/failureaccess-1.0.jar:/Users/paranshusinghal/.m2/repository/com/google/guava/listenablefuture/9999.0-empty-to-avoid-conflict-with-guava/listenablefuture-9999.0-empty-to-avoid-conflict-with-guava.jar:/Users/paranshusinghal/.m2/repository/org/checkerframework/checker-qual/2.5.2/checker-qual-2.5.2.jar:/Users/paranshusinghal/.m2/repository/com/google/errorprone/error_prone_annotations/2.2.0/error_prone_annotations-2.2.0.jar:/Users/paranshusinghal/.m2/repository/com/google/j2objc/j2objc-annotations/1.1/j2objc-annotations-1.1.jar:/Users/paranshusinghal/.m2/repository/org/codehaus/mojo/animal-sniffer-annotations/1.17/animal-sniffer-annotations-1.17.jar:/Users/paranshusinghal/.m2/repository/commons-cli/commons-cli/1.2/commons-cli-1.2.jar:/Users/paranshusinghal/.m2/repository/org/apache/httpcomponents/httpclient/4.5.6/httpclient-4.5.6.jar:/Users/paranshusinghal/.m2/repository/org/apache/httpcomponents/httpcore/4.4.10/httpcore-4.4.10.jar:/Users/paranshusinghal/.m2/repository/commons-codec/commons-codec/1.11/commons-codec-1.11.jar:/Users/paranshusinghal/.m2/repository/commons-io/commons-io/2.5/commons-io-2.5.jar:/Users/paranshusinghal/.m2/repository/commons-collections/commons-collections/3.2.2/commons-collections-3.2.2.jar:/Users/paranshusinghal/.m2/repository/org/eclipse/jetty/jetty-server/9.3.24.v20180605/jetty-server-9.3.24.v20180605.jar:/Users/paranshusinghal/.m2/repository/org/eclipse/jetty/jetty-http/9.3.24.v20180605/jetty-http-9.3.24.v20180605.jar:/Users/paranshusinghal/.m2/repository/org/eclipse/jetty/jetty-io/9.3.24.v20180605/jetty-io-9.3.24.v20180605.jar:/Users/paranshusinghal/.m2/repository/org/eclipse/jetty/jetty-util/9.3.24.v20180605/jetty-util-9.3.24.v20180605.jar:/Users/paranshusinghal/.m2/repository/org/eclipse/jetty/jetty-servlet/9.3.24.v20180605/jetty-servlet-9.3.24.v20180605.jar:/Users/paranshusinghal/.m2/repository/org/eclipse/jetty/jetty-security/9.3.24.v20180605/jetty-security-9.3.24.v20180605.jar:/Users/paranshusinghal/.m2/repository/org/eclipse/jetty/jetty-webapp/9.3.24.v20180605/jetty-webapp-9.3.24.v20180605.jar:/Users/paranshusinghal/.m2/repository/org/eclipse/jetty/jetty-xml/9.3.24.v20180605/jetty-xml-9.3.24.v20180605.jar:/Users/paranshusinghal/.m2/repository/javax/servlet/jsp/jsp-api/2.1/jsp-api-2.1.jar:/Users/paranshusinghal/.m2/repository/com/sun/jersey/jersey-core/1.19/jersey-core-1.19.jar:/Users/paranshusinghal/.m2/repository/javax/ws/rs/jsr311-api/1.1.1/jsr311-api-1.1.1.jar:/Users/paranshusinghal/.m2/repository/com/sun/jersey/jersey-servlet/1.19/jersey-servlet-1.19.jar:/Users/paranshusinghal/.m2/repository/com/sun/jersey/jersey-json/1.19/jersey-json-1.19.jar:/Users/paranshusinghal/.m2/repository/org/codehaus/jettison/jettison/1.1/jettison-1.1.jar:/Users/paranshusinghal/.m2/repository/com/sun/xml/bind/jaxb-impl/2.2.3-1/jaxb-impl-2.2.3-1.jar:/Users/paranshusinghal/.m2/repository/javax/xml/bind/jaxb-api/2.2.2/jaxb-api-2.2.2.jar:/Users/paranshusinghal/.m2/repository/javax/xml/stream/stax-api/1.0-2/stax-api-1.0-2.jar:/Users/paranshusinghal/.m2/repository/org/codehaus/jackson/jackson-jaxrs/1.9.2/jackson-jaxrs-1.9.2.jar:/Users/paranshusinghal/.m2/repository/org/codehaus/jackson/jackson-xc/1.9.2/jackson-xc-1.9.2.jar:/Users/paranshusinghal/.m2/repository/com/sun/jersey/jersey-server/1.19/jersey-server-1.19.jar:/Users/paranshusinghal/.m2/repository/commons-logging/commons-logging/1.1.3/commons-logging-1.1.3.jar:/Users/paranshusinghal/.m2/repository/commons-beanutils/commons-beanutils/1.9.3/commons-beanutils-1.9.3.jar:/Users/paranshusinghal/.m2/repository/org/apache/commons/commons-configuration2/2.1.1/commons-configuration2-2.1.1.jar:/Users/paranshusinghal/.m2/repository/org/apache/commons/commons-text/1.4/commons-text-1.4.jar:/Users/paranshusinghal/.m2/repository/com/google/re2j/re2j/1.1/re2j-1.1.jar:/Users/paranshusinghal/.m2/repository/com/google/protobuf/protobuf-java/2.5.0/protobuf-java-2.5.0.jar:/Users/paranshusinghal/.m2/repository/com/google/code/gson/gson/2.2.4/gson-2.2.4.jar:/Users/paranshusinghal/.m2/repository/org/apache/hadoop/hadoop-auth/3.2.1/hadoop-auth-3.2.1.jar:/Users/paranshusinghal/.m2/repository/com/nimbusds/nimbus-jose-jwt/4.41.1/nimbus-jose-jwt-4.41.1.jar:/Users/paranshusinghal/.m2/repository/com/github/stephenc/jcip/jcip-annotations/1.0-1/jcip-annotations-1.0-1.jar:/Users/paranshusinghal/.m2/repository/net/minidev/json-smart/2.3/json-smart-2.3.jar:/Users/paranshusinghal/.m2/repository/net/minidev/accessors-smart/1.2/accessors-smart-1.2.jar:/Users/paranshusinghal/.m2/repository/org/ow2/asm/asm/5.0.4/asm-5.0.4.jar:/Users/paranshusinghal/.m2/repository/com/jcraft/jsch/0.1.54/jsch-0.1.54.jar:/Users/paranshusinghal/.m2/repository/org/apache/curator/curator-client/2.13.0/curator-client-2.13.0.jar:/Users/paranshusinghal/.m2/repository/org/apache/htrace/htrace-core4/4.1.0-incubating/htrace-core4-4.1.0-incubating.jar:/Users/paranshusinghal/.m2/repository/org/apache/commons/commons-compress/1.18/commons-compress-1.18.jar:/Users/paranshusinghal/.m2/repository/org/apache/kerby/kerb-simplekdc/1.0.1/kerb-simplekdc-1.0.1.jar:/Users/paranshusinghal/.m2/repository/org/apache/kerby/kerb-client/1.0.1/kerb-client-1.0.1.jar:/Users/paranshusinghal/.m2/repository/org/apache/kerby/kerby-config/1.0.1/kerby-config-1.0.1.jar:/Users/paranshusinghal/.m2/repository/org/apache/kerby/kerb-core/1.0.1/kerb-core-1.0.1.jar:/Users/paranshusinghal/.m2/repository/org/apache/kerby/kerby-pkix/1.0.1/kerby-pkix-1.0.1.jar:/Users/paranshusinghal/.m2/repository/org/apache/kerby/kerby-asn1/1.0.1/kerby-asn1-1.0.1.jar:/Users/paranshusinghal/.m2/repository/org/apache/kerby/kerby-util/1.0.1/kerby-util-1.0.1.jar:/Users/paranshusinghal/.m2/repository/org/apache/kerby/kerb-common/1.0.1/kerb-common-1.0.1.jar:/Users/paranshusinghal/.m2/repository/org/apache/kerby/kerb-crypto/1.0.1/kerb-crypto-1.0.1.jar:/Users/paranshusinghal/.m2/repository/org/apache/kerby/kerb-util/1.0.1/kerb-util-1.0.1.jar:/Users/paranshusinghal/.m2/repository/org/apache/kerby/token-provider/1.0.1/token-provider-1.0.1.jar:/Users/paranshusinghal/.m2/repository/org/apache/kerby/kerb-admin/1.0.1/kerb-admin-1.0.1.jar:/Users/paranshusinghal/.m2/repository/org/apache/kerby/kerb-server/1.0.1/kerb-server-1.0.1.jar:/Users/paranshusinghal/.m2/repository/org/apache/kerby/kerb-identity/1.0.1/kerb-identity-1.0.1.jar:/Users/paranshusinghal/.m2/repository/org/apache/kerby/kerby-xdr/1.0.1/kerby-xdr-1.0.1.jar:/Users/paranshusinghal/.m2/repository/org/codehaus/woodstox/stax2-api/3.1.4/stax2-api-3.1.4.jar:/Users/paranshusinghal/.m2/repository/com/fasterxml/woodstox/woodstox-core/5.0.3/woodstox-core-5.0.3.jar:/Users/paranshusinghal/.m2/repository/dnsjava/dnsjava/2.1.7/dnsjava-2.1.7.jar:"/>
    <property name="sun.cpu.endian" value="little"/>
    <property name="user.home" value="/Users/paranshusinghal"/>
    <property name="user.language" value="en"/>
    <property name="java.specification.vendor" value="Oracle Corporation"/>
    <property name="java.version.date" value="2019-09-17"/>
    <property name="java.home" value="/Library/Java/JavaVirtualMachines/jdk-13.jdk/Contents/Home"/>
    <property name="file.separator" value="/"/>
    <property name="basedir" value="/Users/paranshusinghal/Documents/Development/apache-spark/learning-spark"/>
    <property name="java.vm.compressedOopsMode" value="Zero based"/>
    <property name="line.separator" value="&#10;"/>
    <property name="java.specification.name" value="Java Platform API Specification"/>
    <property name="java.vm.specification.vendor" value="Oracle Corporation"/>
    <property name="surefire.real.class.path" value="/Users/paranshusinghal/Documents/Development/apache-spark/learning-spark/target/surefire/surefirebooter10325214891753478972.jar"/>
    <property name="sun.management.compiler" value="HotSpot 64-Bit Tiered Compilers"/>
    <property name="ftp.nonProxyHosts" value="local|*.local|169.254/16|*.169.254/16"/>
    <property name="java.runtime.version" value="13+33"/>
    <property name="user.name" value="paranshusinghal"/>
    <property name="path.separator" value=":"/>
    <property name="os.version" value="10.15.1"/>
    <property name="java.runtime.name" value="Java(TM) SE Runtime Environment"/>
    <property name="file.encoding" value="UTF-8"/>
    <property name="java.vm.name" value="Java HotSpot(TM) 64-Bit Server VM"/>
    <property name="localRepository" value="/Users/paranshusinghal/.m2/repository"/>
    <property name="java.vendor.url.bug" value="https://bugreport.java.com/bugreport/"/>
    <property name="java.io.tmpdir" value="/var/folders/_z/9d9f88wn1134mvc8wrswkcl80000gn/T/"/>
    <property name="java.version" value="13"/>
    <property name="user.dir" value="/Users/paranshusinghal/Documents/Development/apache-spark/learning-spark"/>
    <property name="os.arch" value="x86_64"/>
    <property name="java.vm.specification.name" value="Java Virtual Machine Specification"/>
    <property name="java.library.path" value="/Users/paranshusinghal/Library/Java/Extensions:/Library/Java/Extensions:/Network/Library/Java/Extensions:/System/Library/Java/Extensions:/usr/lib/java:."/>
    <property name="java.vm.info" value="mixed mode, sharing"/>
    <property name="java.vendor" value="Oracle Corporation"/>
    <property name="java.vm.version" value="13+33"/>
    <property name="sun.io.unicode.encoding" value="UnicodeBig"/>
    <property name="socksNonProxyHosts" value="local|*.local|169.254/16|*.169.254/16"/>
    <property name="java.class.version" value="57.0"/>
  </properties>
  <testcase name="shouldAnswerWithTrue" classname="edu.ucr.cs.paranshu.AppTest" time="0.002"/>
</testsuite>